TN:
SF:src/modules/auth/controller.js
FN:6,findUserByUsername
FN:14,findUserById
FN:22,createUser
FN:36,verifyPassword
FN:44,getAllUsers
FN:52,deleteUser
FNF:6
FNH:3
FNDA:2,findUserByUsername
FNDA:0,findUserById
FNDA:1,createUser
FNDA:2,verifyPassword
FNDA:0,getAllUsers
FNDA:0,deleteUser
DA:1,2
DA:7,2
DA:8,2
DA:15,0
DA:16,0
DA:23,1
DA:24,1
DA:26,1
DA:30,1
DA:37,2
DA:38,2
DA:45,0
DA:46,0
DA:53,0
DA:56,2
LF:15
LH:10
BRDA:8,0,0,2
BRDA:8,0,1,1
BRDA:16,1,0,0
BRDA:16,1,1,0
BRDA:22,2,0,0
BRF:5
BRH:2
end_of_record
TN:
SF:src/modules/auth/routes.js
FN:20,(anonymous_0)
FN:58,(anonymous_1)
FNF:2
FNH:2
FNDA:3,(anonymous_0)
FNDA:3,(anonymous_1)
DA:12,1
DA:13,1
DA:14,1
DA:20,1
DA:21,3
DA:23,3
DA:24,1
DA:27,2
DA:28,2
DA:30,2
DA:31,0
DA:34,2
DA:35,2
DA:36,1
DA:40,1
DA:49,0
DA:50,0
DA:58,1
DA:59,3
DA:61,3
DA:62,0
DA:65,3
DA:66,1
DA:69,2
DA:70,0
DA:73,2
DA:74,2
DA:76,2
DA:77,1
DA:84,1
DA:86,1
DA:95,0
DA:96,0
DA:100,1
LF:34
LH:27
BRDA:23,0,0,1
BRDA:23,0,1,2
BRDA:23,1,0,3
BRDA:23,1,1,3
BRDA:30,2,0,0
BRDA:30,2,1,2
BRDA:35,3,0,1
BRDA:35,3,1,1
BRDA:61,4,0,0
BRDA:61,4,1,3
BRDA:61,5,0,3
BRDA:61,5,1,3
BRDA:65,6,0,1
BRDA:65,6,1,2
BRDA:69,7,0,0
BRDA:69,7,1,2
BRDA:76,8,0,1
BRDA:76,8,1,1
BRDA:84,9,0,1
BRDA:84,9,1,1
BRF:20
BRH:17
end_of_record
TN:
SF:src/shared/database/index.js
FN:16,initDatabase
FN:42,query
FNF:2
FNH:0
FNDA:0,initDatabase
FNDA:0,query
DA:1,1
DA:3,1
DA:17,0
DA:18,0
DA:19,0
DA:22,0
DA:32,0
DA:34,0
DA:35,0
DA:43,0
DA:46,1
LF:11
LH:3
BRDA:4,0,0,1
BRDA:4,0,1,1
BRF:2
BRH:2
end_of_record
