<?xml version="1.0" encoding="UTF-8"?>
<coverage generated="1776527332083" clover="3.2.0">
  <project timestamp="1776527332083" name="All files">
    <metrics statements="96" coveredstatements="63" conditionals="56" coveredconditionals="27" methods="13" coveredmethods="7" elements="165" coveredelements="97" complexity="0" loc="96" ncloc="96" packages="1" files="1" classes="1"/>
    <file name="index.js" path="/home/brice/Documents/k8sproject/services/gateway-service/index.js">
      <metrics statements="96" coveredstatements="63" conditionals="56" coveredconditionals="27" methods="13" coveredmethods="7"/>
      <line num="6" count="1" type="stmt"/>
      <line num="7" count="1" type="stmt"/>
      <line num="8" count="1" type="stmt"/>
      <line num="9" count="1" type="stmt"/>
      <line num="10" count="1" type="stmt"/>
      <line num="11" count="1" type="stmt"/>
      <line num="13" count="1" type="stmt"/>
      <line num="20" count="2" type="stmt"/>
      <line num="36" count="2" type="stmt"/>
      <line num="37" count="10" type="cond" truecount="2" falsecount="0"/>
      <line num="38" count="10" type="stmt"/>
      <line num="42" count="2" type="stmt"/>
      <line num="43" count="3" type="stmt"/>
      <line num="45" count="3" type="cond" truecount="4" falsecount="0"/>
      <line num="46" count="1" type="stmt"/>
      <line num="49" count="2" type="stmt"/>
      <line num="50" count="2" type="stmt"/>
      <line num="56" count="2" type="cond" truecount="2" falsecount="0"/>
      <line num="57" count="1" type="stmt"/>
      <line num="60" count="1" type="stmt"/>
      <line num="62" count="1" type="cond" truecount="1" falsecount="1"/>
      <line num="63" count="0" type="stmt"/>
      <line num="66" count="1" type="stmt"/>
      <line num="72" count="1" type="stmt"/>
      <line num="73" count="1" type="stmt"/>
      <line num="75" count="1" type="cond" truecount="1" falsecount="1"/>
      <line num="76" count="1" type="stmt"/>
      <line num="78" count="0" type="stmt"/>
      <line num="80" count="0" type="stmt"/>
      <line num="81" count="0" type="stmt"/>
      <line num="86" count="2" type="stmt"/>
      <line num="87" count="4" type="stmt"/>
      <line num="89" count="4" type="cond" truecount="3" falsecount="1"/>
      <line num="90" count="4" type="cond" truecount="2" falsecount="0"/>
      <line num="91" count="3" type="cond" truecount="2" falsecount="0"/>
      <line num="92" count="2" type="cond" truecount="1" falsecount="1"/>
      <line num="94" count="2" type="stmt"/>
      <line num="95" count="2" type="stmt"/>
      <line num="101" count="2" type="cond" truecount="2" falsecount="0"/>
      <line num="102" count="1" type="stmt"/>
      <line num="103" count="1" type="cond" truecount="1" falsecount="1"/>
      <line num="104" count="0" type="stmt"/>
      <line num="107" count="1" type="stmt"/>
      <line num="109" count="1" type="stmt"/>
      <line num="115" count="1" type="stmt"/>
      <line num="116" count="1" type="stmt"/>
      <line num="118" count="1" type="stmt"/>
      <line num="120" count="0" type="stmt"/>
      <line num="121" count="0" type="stmt"/>
      <line num="126" count="2" type="stmt"/>
      <line num="127" count="1" type="stmt"/>
      <line num="128" count="1" type="cond" truecount="1" falsecount="1"/>
      <line num="129" count="1" type="stmt"/>
      <line num="134" count="2" type="stmt"/>
      <line num="141" count="0" type="cond" truecount="0" falsecount="4"/>
      <line num="142" count="0" type="stmt"/>
      <line num="143" count="0" type="cond" truecount="0" falsecount="2"/>
      <line num="150" count="2" type="stmt"/>
      <line num="156" count="0" type="cond" truecount="0" falsecount="4"/>
      <line num="157" count="0" type="stmt"/>
      <line num="158" count="0" type="cond" truecount="0" falsecount="2"/>
      <line num="159" count="0" type="stmt"/>
      <line num="160" count="0" type="stmt"/>
      <line num="162" count="0" type="stmt"/>
      <line num="173" count="1" type="cond" truecount="1" falsecount="1"/>
      <line num="174" count="1" type="cond" truecount="1" falsecount="1"/>
      <line num="175" count="1" type="cond" truecount="1" falsecount="1"/>
      <line num="180" count="1" type="stmt"/>
      <line num="181" count="1" type="stmt"/>
      <line num="182" count="1" type="stmt"/>
      <line num="183" count="1" type="stmt"/>
      <line num="184" count="1" type="stmt"/>
      <line num="190" count="2" type="stmt"/>
      <line num="191" count="2" type="stmt"/>
      <line num="192" count="2" type="stmt"/>
      <line num="196" count="1" type="cond" truecount="1" falsecount="1"/>
      <line num="197" count="1" type="stmt"/>
      <line num="203" count="0" type="stmt"/>
      <line num="206" count="0" type="stmt"/>
      <line num="207" count="0" type="stmt"/>
      <line num="208" count="0" type="stmt"/>
      <line num="210" count="0" type="stmt"/>
      <line num="211" count="0" type="stmt"/>
      <line num="213" count="0" type="cond" truecount="0" falsecount="2"/>
      <line num="214" count="0" type="stmt"/>
      <line num="215" count="0" type="stmt"/>
      <line num="216" count="0" type="stmt"/>
      <line num="217" count="0" type="stmt"/>
      <line num="218" count="0" type="stmt"/>
      <line num="223" count="1" type="cond" truecount="1" falsecount="1"/>
      <line num="224" count="0" type="cond" truecount="0" falsecount="2"/>
      <line num="225" count="0" type="stmt"/>
      <line num="227" count="0" type="stmt"/>
      <line num="228" count="0" type="stmt"/>
      <line num="229" count="0" type="stmt"/>
      <line num="234" count="1" type="stmt"/>
    </file>
  </project>
</coverage>
