{"/home/brice/Documents/k8sproject/services/gateway-service/index.js": {"path":"/home/brice/Documents/k8sproject/services/gateway-service/index.js","statementMap":{"0":{"start":{"line":6,"column":16},"end":{"line":6,"column":34}},"1":{"start":{"line":7,"column":16},"end":{"line":7,"column":42}},"2":{"start":{"line":8,"column":23},"end":{"line":8,"column":47}},"3":{"start":{"line":9,"column":25},"end":{"line":9,"column":41}},"4":{"start":{"line":10,"column":34},"end":{"line":10,"column":66}},"5":{"start":{"line":11,"column":13},"end":{"line":11,"column":28}},"6":{"start":{"line":13,"column":12},"end":{"line":13,"column":21}},"7":{"start":{"line":20,"column":2},"end":{"line":33,"column":4}},"8":{"start":{"line":36,"column":2},"end":{"line":39,"column":5}},"9":{"start":{"line":37,"column":4},"end":{"line":37,"column":47}},"10":{"start":{"line":38,"column":4},"end":{"line":38,"column":11}},"11":{"start":{"line":42,"column":2},"end":{"line":83,"column":5}},"12":{"start":{"line":43,"column":35},"end":{"line":43,"column":43}},"13":{"start":{"line":45,"column":4},"end":{"line":47,"column":5}},"14":{"start":{"line":46,"column":6},"end":{"line":46,"column":44}},"15":{"start":{"line":49,"column":4},"end":{"line":82,"column":5}},"16":{"start":{"line":50,"column":27},"end":{"line":54,"column":8}},"17":{"start":{"line":56,"column":6},"end":{"line":58,"column":7}},"18":{"start":{"line":57,"column":8},"end":{"line":57,"column":46}},"19":{"start":{"line":60,"column":23},"end":{"line":60,"column":48}},"20":{"start":{"line":62,"column":6},"end":{"line":64,"column":7}},"21":{"start":{"line":63,"column":8},"end":{"line":63,"column":46}},"22":{"start":{"line":66,"column":6},"end":{"line":70,"column":8}},"23":{"start":{"line":72,"column":6},"end":{"line":72,"column":31}},"24":{"start":{"line":73,"column":6},"end":{"line":73,"column":67}},"25":{"start":{"line":75,"column":6},"end":{"line":77,"column":7}},"26":{"start":{"line":76,"column":8},"end":{"line":76,"column":42}},"27":{"start":{"line":78,"column":6},"end":{"line":78,"column":24}},"28":{"start":{"line":80,"column":6},"end":{"line":80,"column":41}},"29":{"start":{"line":81,"column":6},"end":{"line":81,"column":37}},"30":{"start":{"line":86,"column":2},"end":{"line":123,"column":5}},"31":{"start":{"line":87,"column":52},"end":{"line":87,"column":60}},"32":{"start":{"line":89,"column":4},"end":{"line":89,"column":71}},"33":{"start":{"line":89,"column":32},"end":{"line":89,"column":71}},"34":{"start":{"line":90,"column":4},"end":{"line":90,"column":77}},"35":{"start":{"line":90,"column":38},"end":{"line":90,"column":77}},"36":{"start":{"line":91,"column":4},"end":{"line":91,"column":68}},"37":{"start":{"line":91,"column":29},"end":{"line":91,"column":68}},"38":{"start":{"line":92,"column":4},"end":{"line":92,"column":68}},"39":{"start":{"line":92,"column":29},"end":{"line":92,"column":68}},"40":{"start":{"line":94,"column":4},"end":{"line":122,"column":5}},"41":{"start":{"line":95,"column":27},"end":{"line":99,"column":8}},"42":{"start":{"line":101,"column":6},"end":{"line":105,"column":7}},"43":{"start":{"line":102,"column":26},"end":{"line":102,"column":51}},"44":{"start":{"line":103,"column":8},"end":{"line":103,"column":85}},"45":{"start":{"line":103,"column":46},"end":{"line":103,"column":85}},"46":{"start":{"line":104,"column":8},"end":{"line":104,"column":47}},"47":{"start":{"line":107,"column":23},"end":{"line":107,"column":48}},"48":{"start":{"line":109,"column":6},"end":{"line":113,"column":8}},"49":{"start":{"line":115,"column":6},"end":{"line":115,"column":31}},"50":{"start":{"line":116,"column":6},"end":{"line":116,"column":68}},"51":{"start":{"line":118,"column":6},"end":{"line":118,"column":24}},"52":{"start":{"line":120,"column":6},"end":{"line":120,"column":42}},"53":{"start":{"line":121,"column":6},"end":{"line":121,"column":38}},"54":{"start":{"line":126,"column":2},"end":{"line":131,"column":5}},"55":{"start":{"line":127,"column":4},"end":{"line":130,"column":7}},"56":{"start":{"line":128,"column":6},"end":{"line":128,"column":60}},"57":{"start":{"line":128,"column":15},"end":{"line":128,"column":60}},"58":{"start":{"line":129,"column":6},"end":{"line":129,"column":24}},"59":{"start":{"line":134,"column":2},"end":{"line":147,"column":4}},"60":{"start":{"line":141,"column":8},"end":{"line":144,"column":9}},"61":{"start":{"line":142,"column":10},"end":{"line":142,"column":63}},"62":{"start":{"line":143,"column":10},"end":{"line":143,"column":77}},"63":{"start":{"line":150,"column":2},"end":{"line":166,"column":4}},"64":{"start":{"line":156,"column":8},"end":{"line":163,"column":9}},"65":{"start":{"line":157,"column":10},"end":{"line":157,"column":63}},"66":{"start":{"line":158,"column":10},"end":{"line":158,"column":77}},"67":{"start":{"line":159,"column":10},"end":{"line":159,"column":71}},"68":{"start":{"line":160,"column":10},"end":{"line":160,"column":87}},"69":{"start":{"line":162,"column":10},"end":{"line":162,"column":64}},"70":{"start":{"line":173,"column":25},"end":{"line":173,"column":83}},"71":{"start":{"line":174,"column":25},"end":{"line":174,"column":83}},"72":{"start":{"line":175,"column":21},"end":{"line":175,"column":79}},"73":{"start":{"line":180,"column":0},"end":{"line":180,"column":30}},"74":{"start":{"line":181,"column":0},"end":{"line":181,"column":48}},"75":{"start":{"line":182,"column":0},"end":{"line":182,"column":56}},"76":{"start":{"line":183,"column":0},"end":{"line":183,"column":24}},"77":{"start":{"line":184,"column":0},"end":{"line":184,"column":48}},"78":{"start":{"line":190,"column":23},"end":{"line":190,"column":55}},"79":{"start":{"line":191,"column":4},"end":{"line":191,"column":28}},"80":{"start":{"line":192,"column":4},"end":{"line":192,"column":67}},"81":{"start":{"line":196,"column":2},"end":{"line":198,"column":3}},"82":{"start":{"line":197,"column":4},"end":{"line":197,"column":18}},"83":{"start":{"line":203,"column":22},"end":{"line":205,"column":4}},"84":{"start":{"line":206,"column":2},"end":{"line":206,"column":78}},"85":{"start":{"line":206,"column":35},"end":{"line":206,"column":76}},"86":{"start":{"line":207,"column":2},"end":{"line":207,"column":30}},"87":{"start":{"line":208,"column":2},"end":{"line":208,"column":33}},"88":{"start":{"line":210,"column":21},"end":{"line":210,"column":60}},"89":{"start":{"line":211,"column":2},"end":{"line":211,"column":26}},"90":{"start":{"line":213,"column":15},"end":{"line":213,"column":39}},"91":{"start":{"line":214,"column":2},"end":{"line":219,"column":5}},"92":{"start":{"line":215,"column":4},"end":{"line":215,"column":52}},"93":{"start":{"line":216,"column":4},"end":{"line":216,"column":59}},"94":{"start":{"line":217,"column":4},"end":{"line":217,"column":59}},"95":{"start":{"line":218,"column":4},"end":{"line":218,"column":59}},"96":{"start":{"line":223,"column":0},"end":{"line":232,"column":1}},"97":{"start":{"line":224,"column":2},"end":{"line":231,"column":3}},"98":{"start":{"line":225,"column":4},"end":{"line":225,"column":50}},"99":{"start":{"line":227,"column":4},"end":{"line":230,"column":7}},"100":{"start":{"line":228,"column":6},"end":{"line":228,"column":44}},"101":{"start":{"line":229,"column":6},"end":{"line":229,"column":22}},"102":{"start":{"line":234,"column":0},"end":{"line":234,"column":38}}},"fnMap":{"0":{"name":"commonSetup","decl":{"start":{"line":18,"column":9},"end":{"line":18,"column":20}},"loc":{"start":{"line":18,"column":33},"end":{"line":167,"column":1}},"line":18},"1":{"name":"(anonymous_1)","decl":{"start":{"line":36,"column":10},"end":{"line":36,"column":11}},"loc":{"start":{"line":36,"column":30},"end":{"line":39,"column":3}},"line":36},"2":{"name":"(anonymous_2)","decl":{"start":{"line":42,"column":21},"end":{"line":42,"column":22}},"loc":{"start":{"line":42,"column":41},"end":{"line":83,"column":3}},"line":42},"3":{"name":"(anonymous_3)","decl":{"start":{"line":86,"column":22},"end":{"line":86,"column":23}},"loc":{"start":{"line":86,"column":42},"end":{"line":123,"column":3}},"line":86},"4":{"name":"(anonymous_4)","decl":{"start":{"line":126,"column":21},"end":{"line":126,"column":22}},"loc":{"start":{"line":126,"column":35},"end":{"line":131,"column":3}},"line":126},"5":{"name":"(anonymous_5)","decl":{"start":{"line":127,"column":24},"end":{"line":127,"column":25}},"loc":{"start":{"line":127,"column":33},"end":{"line":130,"column":5}},"line":127},"6":{"name":"(anonymous_6)","decl":{"start":{"line":140,"column":18},"end":{"line":140,"column":19}},"loc":{"start":{"line":140,"column":37},"end":{"line":145,"column":7}},"line":140},"7":{"name":"(anonymous_7)","decl":{"start":{"line":155,"column":18},"end":{"line":155,"column":19}},"loc":{"start":{"line":155,"column":37},"end":{"line":164,"column":7}},"line":155},"8":{"name":"startServer","decl":{"start":{"line":189,"column":17},"end":{"line":189,"column":28}},"loc":{"start":{"line":189,"column":31},"end":{"line":193,"column":3}},"line":189},"9":{"name":"initProd","decl":{"start":{"line":202,"column":15},"end":{"line":202,"column":23}},"loc":{"start":{"line":202,"column":26},"end":{"line":220,"column":1}},"line":202},"10":{"name":"(anonymous_10)","decl":{"start":{"line":206,"column":26},"end":{"line":206,"column":27}},"loc":{"start":{"line":206,"column":35},"end":{"line":206,"column":76}},"line":206},"11":{"name":"(anonymous_11)","decl":{"start":{"line":214,"column":19},"end":{"line":214,"column":20}},"loc":{"start":{"line":214,"column":25},"end":{"line":219,"column":3}},"line":214},"12":{"name":"(anonymous_12)","decl":{"start":{"line":227,"column":21},"end":{"line":227,"column":22}},"loc":{"start":{"line":227,"column":28},"end":{"line":230,"column":5}},"line":227}},"branchMap":{"0":{"loc":{"start":{"line":37,"column":22},"end":{"line":37,"column":46}},"type":"binary-expr","locations":[{"start":{"line":37,"column":22},"end":{"line":37,"column":38}},{"start":{"line":37,"column":42},"end":{"line":37,"column":46}}],"line":37},"1":{"loc":{"start":{"line":45,"column":4},"end":{"line":47,"column":5}},"type":"if","locations":[{"start":{"line":45,"column":4},"end":{"line":47,"column":5}},{"start":{},"end":{}}],"line":45},"2":{"loc":{"start":{"line":45,"column":8},"end":{"line":45,"column":30}},"type":"binary-expr","locations":[{"start":{"line":45,"column":8},"end":{"line":45,"column":17}},{"start":{"line":45,"column":21},"end":{"line":45,"column":30}}],"line":45},"3":{"loc":{"start":{"line":56,"column":6},"end":{"line":58,"column":7}},"type":"if","locations":[{"start":{"line":56,"column":6},"end":{"line":58,"column":7}},{"start":{},"end":{}}],"line":56},"4":{"loc":{"start":{"line":62,"column":6},"end":{"line":64,"column":7}},"type":"if","locations":[{"start":{"line":62,"column":6},"end":{"line":64,"column":7}},{"start":{},"end":{}}],"line":62},"5":{"loc":{"start":{"line":75,"column":6},"end":{"line":77,"column":7}},"type":"if","locations":[{"start":{"line":75,"column":6},"end":{"line":77,"column":7}},{"start":{},"end":{}}],"line":75},"6":{"loc":{"start":{"line":89,"column":4},"end":{"line":89,"column":71}},"type":"if","locations":[{"start":{"line":89,"column":4},"end":{"line":89,"column":71}},{"start":{},"end":{}}],"line":89},"7":{"loc":{"start":{"line":89,"column":8},"end":{"line":89,"column":30}},"type":"binary-expr","locations":[{"start":{"line":89,"column":8},"end":{"line":89,"column":17}},{"start":{"line":89,"column":21},"end":{"line":89,"column":30}}],"line":89},"8":{"loc":{"start":{"line":90,"column":4},"end":{"line":90,"column":77}},"type":"if","locations":[{"start":{"line":90,"column":4},"end":{"line":90,"column":77}},{"start":{},"end":{}}],"line":90},"9":{"loc":{"start":{"line":91,"column":4},"end":{"line":91,"column":68}},"type":"if","locations":[{"start":{"line":91,"column":4},"end":{"line":91,"column":68}},{"start":{},"end":{}}],"line":91},"10":{"loc":{"start":{"line":92,"column":4},"end":{"line":92,"column":68}},"type":"if","locations":[{"start":{"line":92,"column":4},"end":{"line":92,"column":68}},{"start":{},"end":{}}],"line":92},"11":{"loc":{"start":{"line":101,"column":6},"end":{"line":105,"column":7}},"type":"if","locations":[{"start":{"line":101,"column":6},"end":{"line":105,"column":7}},{"start":{},"end":{}}],"line":101},"12":{"loc":{"start":{"line":103,"column":8},"end":{"line":103,"column":85}},"type":"if","locations":[{"start":{"line":103,"column":8},"end":{"line":103,"column":85}},{"start":{},"end":{}}],"line":103},"13":{"loc":{"start":{"line":128,"column":6},"end":{"line":128,"column":60}},"type":"if","locations":[{"start":{"line":128,"column":6},"end":{"line":128,"column":60}},{"start":{},"end":{}}],"line":128},"14":{"loc":{"start":{"line":141,"column":8},"end":{"line":144,"column":9}},"type":"if","locations":[{"start":{"line":141,"column":8},"end":{"line":144,"column":9}},{"start":{},"end":{}}],"line":141},"15":{"loc":{"start":{"line":141,"column":12},"end":{"line":141,"column":43}},"type":"binary-expr","locations":[{"start":{"line":141,"column":12},"end":{"line":141,"column":23}},{"start":{"line":141,"column":27},"end":{"line":141,"column":43}}],"line":141},"16":{"loc":{"start":{"line":143,"column":44},"end":{"line":143,"column":75}},"type":"binary-expr","locations":[{"start":{"line":143,"column":44},"end":{"line":143,"column":65}},{"start":{"line":143,"column":69},"end":{"line":143,"column":75}}],"line":143},"17":{"loc":{"start":{"line":156,"column":8},"end":{"line":163,"column":9}},"type":"if","locations":[{"start":{"line":156,"column":8},"end":{"line":163,"column":9}},{"start":{"line":161,"column":15},"end":{"line":163,"column":9}}],"line":156},"18":{"loc":{"start":{"line":156,"column":12},"end":{"line":156,"column":43}},"type":"binary-expr","locations":[{"start":{"line":156,"column":12},"end":{"line":156,"column":23}},{"start":{"line":156,"column":27},"end":{"line":156,"column":43}}],"line":156},"19":{"loc":{"start":{"line":158,"column":44},"end":{"line":158,"column":75}},"type":"binary-expr","locations":[{"start":{"line":158,"column":44},"end":{"line":158,"column":65}},{"start":{"line":158,"column":69},"end":{"line":158,"column":75}}],"line":158},"20":{"loc":{"start":{"line":173,"column":25},"end":{"line":173,"column":83}},"type":"binary-expr","locations":[{"start":{"line":173,"column":25},"end":{"line":173,"column":53}},{"start":{"line":173,"column":57},"end":{"line":173,"column":83}}],"line":173},"21":{"loc":{"start":{"line":174,"column":25},"end":{"line":174,"column":83}},"type":"binary-expr","locations":[{"start":{"line":174,"column":25},"end":{"line":174,"column":53}},{"start":{"line":174,"column":57},"end":{"line":174,"column":83}}],"line":174},"22":{"loc":{"start":{"line":175,"column":21},"end":{"line":175,"column":79}},"type":"binary-expr","locations":[{"start":{"line":175,"column":21},"end":{"line":175,"column":45}},{"start":{"line":175,"column":49},"end":{"line":175,"column":79}}],"line":175},"23":{"loc":{"start":{"line":196,"column":2},"end":{"line":198,"column":3}},"type":"if","locations":[{"start":{"line":196,"column":2},"end":{"line":198,"column":3}},{"start":{},"end":{}}],"line":196},"24":{"loc":{"start":{"line":204,"column":9},"end":{"line":204,"column":62}},"type":"binary-expr","locations":[{"start":{"line":204,"column":9},"end":{"line":204,"column":30}},{"start":{"line":204,"column":34},"end":{"line":204,"column":62}}],"line":204},"25":{"loc":{"start":{"line":213,"column":15},"end":{"line":213,"column":39}},"type":"binary-expr","locations":[{"start":{"line":213,"column":15},"end":{"line":213,"column":31}},{"start":{"line":213,"column":35},"end":{"line":213,"column":39}}],"line":213},"26":{"loc":{"start":{"line":223,"column":0},"end":{"line":232,"column":1}},"type":"if","locations":[{"start":{"line":223,"column":0},"end":{"line":232,"column":1}},{"start":{},"end":{}}],"line":223},"27":{"loc":{"start":{"line":224,"column":2},"end":{"line":231,"column":3}},"type":"if","locations":[{"start":{"line":224,"column":2},"end":{"line":231,"column":3}},{"start":{"line":226,"column":9},"end":{"line":231,"column":3}}],"line":224}},"s":{"0":1,"1":1,"2":1,"3":1,"4":1,"5":1,"6":1,"7":2,"8":2,"9":10,"10":10,"11":2,"12":3,"13":3,"14":1,"15":2,"16":2,"17":2,"18":1,"19":1,"20":1,"21":0,"22":1,"23":1,"24":1,"25":1,"26":1,"27":0,"28":0,"29":0,"30":2,"31":4,"32":4,"33":0,"34":4,"35":1,"36":3,"37":1,"38":2,"39":0,"40":2,"41":2,"42":2,"43":1,"44":1,"45":1,"46":0,"47":1,"48":1,"49":1,"50":1,"51":1,"52":0,"53":0,"54":2,"55":1,"56":1,"57":0,"58":1,"59":2,"60":0,"61":0,"62":0,"63":2,"64":0,"65":0,"66":0,"67":0,"68":0,"69":0,"70":1,"71":1,"72":1,"73":1,"74":1,"75":1,"76":1,"77":1,"78":2,"79":2,"80":2,"81":1,"82":1,"83":0,"84":0,"85":0,"86":0,"87":0,"88":0,"89":0,"90":0,"91":0,"92":0,"93":0,"94":0,"95":0,"96":1,"97":0,"98":0,"99":0,"100":0,"101":0,"102":1},"f":{"0":2,"1":10,"2":3,"3":4,"4":1,"5":1,"6":0,"7":0,"8":2,"9":0,"10":0,"11":0,"12":0},"b":{"0":[10,10],"1":[1,2],"2":[3,2],"3":[1,1],"4":[0,1],"5":[1,0],"6":[0,4],"7":[4,4],"8":[1,3],"9":[1,2],"10":[0,2],"11":[1,1],"12":[1,0],"13":[0,1],"14":[0,0],"15":[0,0],"16":[0,0],"17":[0,0],"18":[0,0],"19":[0,0],"20":[1,0],"21":[1,0],"22":[1,0],"23":[1,0],"24":[0,0],"25":[0,0],"26":[0,1],"27":[0,0]},"_coverageSchema":"1a1c01bbd47fc00a2c39e90264f33305004495a9","hash":"bb8b9305cd4cc74afe540de95065c4f51fd23e74"}
}
