TN:
SF:index.js
FN:18,commonSetup
FN:36,(anonymous_1)
FN:42,(anonymous_2)
FN:86,(anonymous_3)
FN:126,(anonymous_4)
FN:127,(anonymous_5)
FN:140,(anonymous_6)
FN:155,(anonymous_7)
FN:189,startServer
FN:202,initProd
FN:206,(anonymous_10)
FN:214,(anonymous_11)
FN:227,(anonymous_12)
FNF:13
FNH:7
FNDA:2,commonSetup
FNDA:10,(anonymous_1)
FNDA:3,(anonymous_2)
FNDA:4,(anonymous_3)
FNDA:1,(anonymous_4)
FNDA:1,(anonymous_5)
FNDA:0,(anonymous_6)
FNDA:0,(anonymous_7)
FNDA:2,startServer
FNDA:0,initProd
FNDA:0,(anonymous_10)
FNDA:0,(anonymous_11)
FNDA:0,(anonymous_12)
DA:6,1
DA:7,1
DA:8,1
DA:9,1
DA:10,1
DA:11,1
DA:13,1
DA:20,2
DA:36,2
DA:37,10
DA:38,10
DA:42,2
DA:43,3
DA:45,3
DA:46,1
DA:49,2
DA:50,2
DA:56,2
DA:57,1
DA:60,1
DA:62,1
DA:63,0
DA:66,1
DA:72,1
DA:73,1
DA:75,1
DA:76,1
DA:78,0
DA:80,0
DA:81,0
DA:86,2
DA:87,4
DA:89,4
DA:90,4
DA:91,3
DA:92,2
DA:94,2
DA:95,2
DA:101,2
DA:102,1
DA:103,1
DA:104,0
DA:107,1
DA:109,1
DA:115,1
DA:116,1
DA:118,1
DA:120,0
DA:121,0
DA:126,2
DA:127,1
DA:128,1
DA:129,1
DA:134,2
DA:141,0
DA:142,0
DA:143,0
DA:150,2
DA:156,0
DA:157,0
DA:158,0
DA:159,0
DA:160,0
DA:162,0
DA:173,1
DA:174,1
DA:175,1
DA:180,1
DA:181,1
DA:182,1
DA:183,1
DA:184,1
DA:190,2
DA:191,2
DA:192,2
DA:196,1
DA:197,1
DA:203,0
DA:206,0
DA:207,0
DA:208,0
DA:210,0
DA:211,0
DA:213,0
DA:214,0
DA:215,0
DA:216,0
DA:217,0
DA:218,0
DA:223,1
DA:224,0
DA:225,0
DA:227,0
DA:228,0
DA:229,0
DA:234,1
LF:96
LH:63
BRDA:37,0,0,10
BRDA:37,0,1,10
BRDA:45,1,0,1
BRDA:45,1,1,2
BRDA:45,2,0,3
BRDA:45,2,1,2
BRDA:56,3,0,1
BRDA:56,3,1,1
BRDA:62,4,0,0
BRDA:62,4,1,1
BRDA:75,5,0,1
BRDA:75,5,1,0
BRDA:89,6,0,0
BRDA:89,6,1,4
BRDA:89,7,0,4
BRDA:89,7,1,4
BRDA:90,8,0,1
BRDA:90,8,1,3
BRDA:91,9,0,1
BRDA:91,9,1,2
BRDA:92,10,0,0
BRDA:92,10,1,2
BRDA:101,11,0,1
BRDA:101,11,1,1
BRDA:103,12,0,1
BRDA:103,12,1,0
BRDA:128,13,0,0
BRDA:128,13,1,1
BRDA:141,14,0,0
BRDA:141,14,1,0
BRDA:141,15,0,0
BRDA:141,15,1,0
BRDA:143,16,0,0
BRDA:143,16,1,0
BRDA:156,17,0,0
BRDA:156,17,1,0
BRDA:156,18,0,0
BRDA:156,18,1,0
BRDA:158,19,0,0
BRDA:158,19,1,0
BRDA:173,20,0,1
BRDA:173,20,1,0
BRDA:174,21,0,1
BRDA:174,21,1,0
BRDA:175,22,0,1
BRDA:175,22,1,0
BRDA:196,23,0,1
BRDA:196,23,1,0
BRDA:204,24,0,0
BRDA:204,24,1,0
BRDA:213,25,0,0
BRDA:213,25,1,0
BRDA:223,26,0,0
BRDA:223,26,1,1
BRDA:224,27,0,0
BRDA:224,27,1,0
BRF:56
BRH:27
end_of_record
